c:\programing4\prog4\2dae15_programming4_05_vanbaelen_noah\minigin\x64\release\vc143.pdb
c:\programing4\prog4\2dae15_programming4_05_vanbaelen_noah\minigin\x64\release\main.obj
c:\programing4\prog4\2dae15_programming4_05_vanbaelen_noah\minigin\x64\release\livecomponent.obj
c:\programing4\prog4\2dae15_programming4_05_vanbaelen_noah\minigin\x64\release\inputmanager.obj
c:\programing4\prog4\2dae15_programming4_05_vanbaelen_noah\minigin\x64\release\input.obj
c:\programing4\prog4\2dae15_programming4_05_vanbaelen_noah\minigin\x64\release\gameobject.obj
c:\programing4\prog4\2dae15_programming4_05_vanbaelen_noah\minigin\x64\release\fpscomponent.obj
c:\programing4\prog4\2dae15_programming4_05_vanbaelen_noah\minigin\x64\release\font.obj
c:\programing4\prog4\2dae15_programming4_05_vanbaelen_noah\minigin\x64\release\csteamachievements.obj
c:\programing4\prog4\2dae15_programming4_05_vanbaelen_noah\minigin\x64\release\controller.obj
c:\programing4\prog4\2dae15_programming4_05_vanbaelen_noah\minigin\x64\release\command.obj
c:\programing4\prog4\2dae15_programming4_05_vanbaelen_noah\minigin\x64\release\basecomponent.obj
c:\programing4\prog4\2dae15_programming4_05_vanbaelen_noah\minigin\x64\release\achievements.obj
c:\programing4\prog4\2dae15_programming4_05_vanbaelen_noah\minigin\x64\release\imgui_widgets.obj
c:\programing4\prog4\2dae15_programming4_05_vanbaelen_noah\minigin\x64\release\imgui_tables.obj
c:\programing4\prog4\2dae15_programming4_05_vanbaelen_noah\minigin\x64\release\imgui_plot.obj
c:\programing4\prog4\2dae15_programming4_05_vanbaelen_noah\minigin\x64\release\imgui_draw.obj
c:\programing4\prog4\2dae15_programming4_05_vanbaelen_noah\minigin\x64\release\imgui_demo.obj
c:\programing4\prog4\2dae15_programming4_05_vanbaelen_noah\minigin\x64\release\imgui.obj
c:\programing4\prog4\2dae15_programming4_05_vanbaelen_noah\minigin\x64\release\imgui_impl_sdl2.obj
c:\programing4\prog4\2dae15_programming4_05_vanbaelen_noah\minigin\x64\release\imgui_impl_opengl2.obj
c:\programing4\prog4\2dae15_programming4_05_vanbaelen_noah\minigin\x64\release\uidisplay.obj
c:\programing4\prog4\2dae15_programming4_05_vanbaelen_noah\minigin\x64\release\transformcomponent.obj
c:\programing4\prog4\2dae15_programming4_05_vanbaelen_noah\minigin\x64\release\transform.obj
c:\programing4\prog4\2dae15_programming4_05_vanbaelen_noah\minigin\x64\release\texture2d.obj
c:\programing4\prog4\2dae15_programming4_05_vanbaelen_noah\minigin\x64\release\textobject.obj
c:\programing4\prog4\2dae15_programming4_05_vanbaelen_noah\minigin\x64\release\textcomponent.obj
c:\programing4\prog4\2dae15_programming4_05_vanbaelen_noah\minigin\x64\release\subject.obj
c:\programing4\prog4\2dae15_programming4_05_vanbaelen_noah\minigin\x64\release\scorecomponent.obj
c:\programing4\prog4\2dae15_programming4_05_vanbaelen_noah\minigin\x64\release\scenemanager.obj
c:\programing4\prog4\2dae15_programming4_05_vanbaelen_noah\minigin\x64\release\scene.obj
c:\programing4\prog4\2dae15_programming4_05_vanbaelen_noah\minigin\x64\release\resourcemanager.obj
c:\programing4\prog4\2dae15_programming4_05_vanbaelen_noah\minigin\x64\release\renderer.obj
c:\programing4\prog4\2dae15_programming4_05_vanbaelen_noah\minigin\x64\release\rendercomponent.obj
c:\programing4\prog4\2dae15_programming4_05_vanbaelen_noah\minigin\x64\release\observer.obj
c:\programing4\prog4\2dae15_programming4_05_vanbaelen_noah\minigin\x64\release\moveincirclecomponent.obj
c:\programing4\prog4\2dae15_programming4_05_vanbaelen_noah\minigin\x64\release\minigin.obj
c:\programing4\prog4\2dae15_programming4_05_vanbaelen_noah\x64\release\minigin.exe
c:\programing4\prog4\2dae15_programming4_05_vanbaelen_noah\minigin\x64\release\minigin.ipdb
c:\programing4\prog4\2dae15_programming4_05_vanbaelen_noah\x64\release\minigin.pdb
c:\programing4\prog4\2dae15_programming4_05_vanbaelen_noah\minigin\x64\release\minigin.iobj
c:\programing4\prog4\2dae15_programming4_05_vanbaelen_noah\minigin\x64\release\minigin.res
c:\programing4\prog4\2dae15_programming4_05_vanbaelen_noah\minigin\x64\release\minigin.tlog\cl.command.1.tlog
c:\programing4\prog4\2dae15_programming4_05_vanbaelen_noah\minigin\x64\release\minigin.tlog\cl.read.1.tlog
c:\programing4\prog4\2dae15_programming4_05_vanbaelen_noah\minigin\x64\release\minigin.tlog\cl.write.1.tlog
c:\programing4\prog4\2dae15_programming4_05_vanbaelen_noah\minigin\x64\release\minigin.tlog\link.command.1.tlog
c:\programing4\prog4\2dae15_programming4_05_vanbaelen_noah\minigin\x64\release\minigin.tlog\link.read.1.tlog
c:\programing4\prog4\2dae15_programming4_05_vanbaelen_noah\minigin\x64\release\minigin.tlog\link.write.1.tlog
c:\programing4\prog4\2dae15_programming4_05_vanbaelen_noah\minigin\x64\release\minigin.tlog\rc.command.1.tlog
c:\programing4\prog4\2dae15_programming4_05_vanbaelen_noah\minigin\x64\release\minigin.tlog\rc.read.1.tlog
c:\programing4\prog4\2dae15_programming4_05_vanbaelen_noah\minigin\x64\release\minigin.tlog\rc.write.1.tlog
