  imgui_impl_opengl2.cpp
  imgui_impl_sdl2.cpp
  imgui.cpp
  imgui_demo.cpp
  imgui_draw.cpp
  imgui_plot.cpp
  imgui_tables.cpp
  imgui_widgets.cpp
  Achievements.cpp
  BaseComponent.cpp
  Command.cpp
  Controller.cpp
  CSteamAchievements.cpp
  Font.cpp
  FPSComponent.cpp
  GameObject.cpp
  Input.cpp
  InputManager.cpp
  LiveComponent.cpp
  Main.cpp
  Compiling...
  Minigin.cpp
  MoveInCircleComponent.cpp
  Observer.cpp
  RenderComponent.cpp
  Renderer.cpp
  ResourceManager.cpp
  Scene.cpp
  SceneManager.cpp
  ScoreComponent.cpp
  Subject.cpp
  TextComponent.cpp
  TextObject.cpp
  Texture2D.cpp
  Transform.cpp
  TransformComponent.cpp
  UIDisplay.cpp
  Generating code
  Previous IPDB not found, fall back to full compilation.
  All 3742 functions were compiled because no usable IPDB/IOBJ from previous compilation was found.
  Finished generating code
  Minigin.vcxproj -> C:\Programing4\Prog4\2DAE15_Programming4_05_VanBaelen_Noah\Win32\Release\Minigin.exe
  C:\Programing4\Prog4\2DAE15_Programming4_05_VanBaelen_Noah\3rdParty\SDL2\lib\x86\SDL2.dll
  1 File(s) copied
  C:\Programing4\Prog4\2DAE15_Programming4_05_VanBaelen_Noah\3rdParty\SDL2_image\lib\x86\SDL2_image.dll
  1 File(s) copied
  C:\Programing4\Prog4\2DAE15_Programming4_05_VanBaelen_Noah\3rdParty\SDL2_ttf\lib\x86\SDL2_ttf.dll
  1 File(s) copied
  C:\Programing4\Prog4\2DAE15_Programming4_05_VanBaelen_Noah\3rdParty\steamworks\redistributable_bin\steam_api.dll
  1 File(s) copied
