  imgui_impl_opengl2.cpp
  imgui_impl_sdl2.cpp
  imgui.cpp
  imgui_demo.cpp
  imgui_draw.cpp
  imgui_plot.cpp
  imgui_tables.cpp
  imgui_widgets.cpp
  BaseComponent.cpp
  BombComponent.cpp
  Command.cpp
  Controller.cpp
  ExplosionComponent.cpp
  Font.cpp
  FPSComponent.cpp
  GameObject.cpp
  Input.cpp
  InputManager.cpp
  LiveComponent.cpp
  Minigin.cpp
  Generating Code...
  Compiling...
  MoveInCircleComponent.cpp
  Observer.cpp
  PlayerEvents.cpp
  RenderComponent.cpp
  Renderer.cpp
  ResourceManager.cpp
  Scene.cpp
  SceneManager.cpp
  ScoreComponent.cpp
  PlayerSpriteComponent.cpp
  Subject.cpp
  TextComponent.cpp
  TextObject.cpp
  Texture2D.cpp
  Transform.cpp
  TransformComponent.cpp
  UIDisplay.cpp
  Generating Code...
SDL2main.lib(SDL_windows_main.obj) : error LNK2019: unresolved external symbol _SDL_main referenced in function _main_getcmdline
C:\Programing4\Prog4\2DAE15_Programming4_06_VanBaelen_Noah\Win32\Debug\Minigin.exe : fatal error LNK1120: 1 unresolved externals
