c:\programing4\prog4\2dae15_programming4_06_vanbaelen_noah\minigin\x64\debug\vc143.pdb
c:\programing4\prog4\2dae15_programming4_06_vanbaelen_noah\minigin\x64\debug\vc143.idb
c:\programing4\prog4\2dae15_programming4_06_vanbaelen_noah\minigin\x64\debug\minigin.obj
c:\programing4\prog4\2dae15_programming4_06_vanbaelen_noah\minigin\x64\debug\livecomponent.obj
c:\programing4\prog4\2dae15_programming4_06_vanbaelen_noah\minigin\x64\debug\inputmanager.obj
c:\programing4\prog4\2dae15_programming4_06_vanbaelen_noah\minigin\x64\debug\input.obj
c:\programing4\prog4\2dae15_programming4_06_vanbaelen_noah\minigin\x64\debug\gameobject.obj
c:\programing4\prog4\2dae15_programming4_06_vanbaelen_noah\minigin\x64\debug\fpscomponent.obj
c:\programing4\prog4\2dae15_programming4_06_vanbaelen_noah\minigin\x64\debug\font.obj
c:\programing4\prog4\2dae15_programming4_06_vanbaelen_noah\minigin\x64\debug\explosioncomponent.obj
c:\programing4\prog4\2dae15_programming4_06_vanbaelen_noah\minigin\x64\debug\controller.obj
c:\programing4\prog4\2dae15_programming4_06_vanbaelen_noah\minigin\x64\debug\command.obj
c:\programing4\prog4\2dae15_programming4_06_vanbaelen_noah\minigin\x64\debug\bombcomponent.obj
c:\programing4\prog4\2dae15_programming4_06_vanbaelen_noah\minigin\x64\debug\basecomponent.obj
c:\programing4\prog4\2dae15_programming4_06_vanbaelen_noah\minigin\x64\debug\imgui_widgets.obj
c:\programing4\prog4\2dae15_programming4_06_vanbaelen_noah\minigin\x64\debug\imgui_tables.obj
c:\programing4\prog4\2dae15_programming4_06_vanbaelen_noah\minigin\x64\debug\imgui_plot.obj
c:\programing4\prog4\2dae15_programming4_06_vanbaelen_noah\minigin\x64\debug\imgui_draw.obj
c:\programing4\prog4\2dae15_programming4_06_vanbaelen_noah\minigin\x64\debug\imgui_demo.obj
c:\programing4\prog4\2dae15_programming4_06_vanbaelen_noah\minigin\x64\debug\imgui.obj
c:\programing4\prog4\2dae15_programming4_06_vanbaelen_noah\minigin\x64\debug\imgui_impl_sdl2.obj
c:\programing4\prog4\2dae15_programming4_06_vanbaelen_noah\minigin\x64\debug\imgui_impl_opengl2.obj
c:\programing4\prog4\2dae15_programming4_06_vanbaelen_noah\minigin\x64\debug\uidisplay.obj
c:\programing4\prog4\2dae15_programming4_06_vanbaelen_noah\minigin\x64\debug\transformcomponent.obj
c:\programing4\prog4\2dae15_programming4_06_vanbaelen_noah\minigin\x64\debug\transform.obj
c:\programing4\prog4\2dae15_programming4_06_vanbaelen_noah\minigin\x64\debug\texture2d.obj
c:\programing4\prog4\2dae15_programming4_06_vanbaelen_noah\minigin\x64\debug\textobject.obj
c:\programing4\prog4\2dae15_programming4_06_vanbaelen_noah\minigin\x64\debug\textcomponent.obj
c:\programing4\prog4\2dae15_programming4_06_vanbaelen_noah\minigin\x64\debug\subject.obj
c:\programing4\prog4\2dae15_programming4_06_vanbaelen_noah\minigin\x64\debug\playerspritecomponent.obj
c:\programing4\prog4\2dae15_programming4_06_vanbaelen_noah\minigin\x64\debug\scorecomponent.obj
c:\programing4\prog4\2dae15_programming4_06_vanbaelen_noah\minigin\x64\debug\scenemanager.obj
c:\programing4\prog4\2dae15_programming4_06_vanbaelen_noah\minigin\x64\debug\scene.obj
c:\programing4\prog4\2dae15_programming4_06_vanbaelen_noah\minigin\x64\debug\resourcemanager.obj
c:\programing4\prog4\2dae15_programming4_06_vanbaelen_noah\minigin\x64\debug\renderer.obj
c:\programing4\prog4\2dae15_programming4_06_vanbaelen_noah\minigin\x64\debug\rendercomponent.obj
c:\programing4\prog4\2dae15_programming4_06_vanbaelen_noah\minigin\x64\debug\playerevents.obj
c:\programing4\prog4\2dae15_programming4_06_vanbaelen_noah\minigin\x64\debug\observer.obj
c:\programing4\prog4\2dae15_programming4_06_vanbaelen_noah\minigin\x64\debug\moveincirclecomponent.obj
c:\programing4\prog4\2dae15_programming4_06_vanbaelen_noah\minigin\x64\debug\minigin.res
c:\programing4\prog4\2dae15_programming4_06_vanbaelen_noah\x64\debug\minigin.pdb
c:\programing4\prog4\2dae15_programming4_06_vanbaelen_noah\minigin\x64\debug\minigin.tlog\cl.command.1.tlog
c:\programing4\prog4\2dae15_programming4_06_vanbaelen_noah\minigin\x64\debug\minigin.tlog\cl.read.1.tlog
c:\programing4\prog4\2dae15_programming4_06_vanbaelen_noah\minigin\x64\debug\minigin.tlog\cl.write.1.tlog
c:\programing4\prog4\2dae15_programming4_06_vanbaelen_noah\minigin\x64\debug\minigin.tlog\link-cvtres.read.1.tlog
c:\programing4\prog4\2dae15_programming4_06_vanbaelen_noah\minigin\x64\debug\minigin.tlog\link-cvtres.write.1.tlog
c:\programing4\prog4\2dae15_programming4_06_vanbaelen_noah\minigin\x64\debug\minigin.tlog\link-rc.read.1.tlog
c:\programing4\prog4\2dae15_programming4_06_vanbaelen_noah\minigin\x64\debug\minigin.tlog\link-rc.write.1.tlog
c:\programing4\prog4\2dae15_programming4_06_vanbaelen_noah\minigin\x64\debug\minigin.tlog\link.command.1.tlog
c:\programing4\prog4\2dae15_programming4_06_vanbaelen_noah\minigin\x64\debug\minigin.tlog\link.read.1.tlog
c:\programing4\prog4\2dae15_programming4_06_vanbaelen_noah\minigin\x64\debug\minigin.tlog\link.read.3.tlog
c:\programing4\prog4\2dae15_programming4_06_vanbaelen_noah\minigin\x64\debug\minigin.tlog\link.write.1.tlog
c:\programing4\prog4\2dae15_programming4_06_vanbaelen_noah\minigin\x64\debug\minigin.tlog\rc.command.1.tlog
c:\programing4\prog4\2dae15_programming4_06_vanbaelen_noah\minigin\x64\debug\minigin.tlog\rc.read.1.tlog
c:\programing4\prog4\2dae15_programming4_06_vanbaelen_noah\minigin\x64\debug\minigin.tlog\rc.write.1.tlog
